This is pdfTeX, Version 3.14159265-2.6-1.40.18 (MiKTeX 2.9.6600 64-bit) (preloaded format=pdflatex 2018.3.1)  6 JUL 2018 19:29
entering extended mode
**./Monografia.tex
(Monografia.tex
LaTeX2e <2017-04-15>
Babel <3.18> and hyphenation patterns for 75 language(s) loaded.
("C:\Program Files\MiKTeX 2.9\tex\latex\base\article.cls"
Document Class: article 2014/09/29 v1.4h Standard LaTeX document class
("C:\Program Files\MiKTeX 2.9\tex\latex\base\size12.clo"
File: size12.clo 2014/09/29 v1.4h Standard LaTeX file (size option)
)
\c@part=\count79
\c@section=\count80
\c@subsection=\count81
\c@subsubsection=\count82
\c@paragraph=\count83
\c@subparagraph=\count84
\c@figure=\count85
\c@table=\count86
\abovecaptionskip=\skip41
\belowcaptionskip=\skip42
\bibindent=\dimen102
)
("C:\Program Files\MiKTeX 2.9\tex\latex\base\inputenc.sty"
Package: inputenc 2015/03/17 v1.2c Input encoding file
\inpenc@prehook=\toks14
\inpenc@posthook=\toks15

("C:\Program Files\MiKTeX 2.9\tex\latex\base\utf8.def"
File: utf8.def 2017/01/28 v1.1t UTF-8 support for inputenc
Now handling font encoding OML ...
... no UTF-8 mapping file for font encoding OML
Now handling font encoding T1 ...
... processing UTF-8 mapping file for font encoding T1

("C:\Program Files\MiKTeX 2.9\tex\latex\base\t1enc.dfu"
File: t1enc.dfu 2017/01/28 v1.1t UTF-8 support for inputenc
   defining Unicode char U+00A0 (decimal 160)
   defining Unicode char U+00A1 (decimal 161)
   defining Unicode char U+00A3 (decimal 163)
   defining Unicode char U+00AB (decimal 171)
   defining Unicode char U+00AD (decimal 173)
   defining Unicode char U+00BB (decimal 187)
   defining Unicode char U+00BF (decimal 191)
   defining Unicode char U+00C0 (decimal 192)
   defining Unicode char U+00C1 (decimal 193)
   defining Unicode char U+00C2 (decimal 194)
   defining Unicode char U+00C3 (decimal 195)
   defining Unicode char U+00C4 (decimal 196)
   defining Unicode char U+00C5 (decimal 197)
   defining Unicode char U+00C6 (decimal 198)
   defining Unicode char U+00C7 (decimal 199)
   defining Unicode char U+00C8 (decimal 200)
   defining Unicode char U+00C9 (decimal 201)
   defining Unicode char U+00CA (decimal 202)
   defining Unicode char U+00CB (decimal 203)
   defining Unicode char U+00CC (decimal 204)
   defining Unicode char U+00CD (decimal 205)
   defining Unicode char U+00CE (decimal 206)
   defining Unicode char U+00CF (decimal 207)
   defining Unicode char U+00D0 (decimal 208)
   defining Unicode char U+00D1 (decimal 209)
   defining Unicode char U+00D2 (decimal 210)
   defining Unicode char U+00D3 (decimal 211)
   defining Unicode char U+00D4 (decimal 212)
   defining Unicode char U+00D5 (decimal 213)
   defining Unicode char U+00D6 (decimal 214)
   defining Unicode char U+00D8 (decimal 216)
   defining Unicode char U+00D9 (decimal 217)
   defining Unicode char U+00DA (decimal 218)
   defining Unicode char U+00DB (decimal 219)
   defining Unicode char U+00DC (decimal 220)
   defining Unicode char U+00DD (decimal 221)
   defining Unicode char U+00DE (decimal 222)
   defining Unicode char U+00DF (decimal 223)
   defining Unicode char U+00E0 (decimal 224)
   defining Unicode char U+00E1 (decimal 225)
   defining Unicode char U+00E2 (decimal 226)
   defining Unicode char U+00E3 (decimal 227)
   defining Unicode char U+00E4 (decimal 228)
   defining Unicode char U+00E5 (decimal 229)
   defining Unicode char U+00E6 (decimal 230)
   defining Unicode char U+00E7 (decimal 231)
   defining Unicode char U+00E8 (decimal 232)
   defining Unicode char U+00E9 (decimal 233)
   defining Unicode char U+00EA (decimal 234)
   defining Unicode char U+00EB (decimal 235)
   defining Unicode char U+00EC (decimal 236)
   defining Unicode char U+00ED (decimal 237)
   defining Unicode char U+00EE (decimal 238)
   defining Unicode char U+00EF (decimal 239)
   defining Unicode char U+00F0 (decimal 240)
   defining Unicode char U+00F1 (decimal 241)
   defining Unicode char U+00F2 (decimal 242)
   defining Unicode char U+00F3 (decimal 243)
   defining Unicode char U+00F4 (decimal 244)
   defining Unicode char U+00F5 (decimal 245)
   defining Unicode char U+00F6 (decimal 246)
   defining Unicode char U+00F8 (decimal 248)
   defining Unicode char U+00F9 (decimal 249)
   defining Unicode char U+00FA (decimal 250)
   defining Unicode char U+00FB (decimal 251)
   defining Unicode char U+00FC (decimal 252)
   defining Unicode char U+00FD (decimal 253)
   defining Unicode char U+00FE (decimal 254)
   defining Unicode char U+00FF (decimal 255)
   defining Unicode char U+0100 (decimal 256)
   defining Unicode char U+0101 (decimal 257)
   defining Unicode char U+0102 (decimal 258)
   defining Unicode char U+0103 (decimal 259)
   defining Unicode char U+0104 (decimal 260)
   defining Unicode char U+0105 (decimal 261)
   defining Unicode char U+0106 (decimal 262)
   defining Unicode char U+0107 (decimal 263)
   defining Unicode char U+0108 (decimal 264)
   defining Unicode char U+0109 (decimal 265)
   defining Unicode char U+010A (decimal 266)
   defining Unicode char U+010B (decimal 267)
   defining Unicode char U+010C (decimal 268)
   defining Unicode char U+010D (decimal 269)
   defining Unicode char U+010E (decimal 270)
   defining Unicode char U+010F (decimal 271)
   defining Unicode char U+0110 (decimal 272)
   defining Unicode char U+0111 (decimal 273)
   defining Unicode char U+0112 (decimal 274)
   defining Unicode char U+0113 (decimal 275)
   defining Unicode char U+0114 (decimal 276)
   defining Unicode char U+0115 (decimal 277)
   defining Unicode char U+0116 (decimal 278)
   defining Unicode char U+0117 (decimal 279)
   defining Unicode char U+0118 (decimal 280)
   defining Unicode char U+0119 (decimal 281)
   defining Unicode char U+011A (decimal 282)
   defining Unicode char U+011B (decimal 283)
   defining Unicode char U+011C (decimal 284)
   defining Unicode char U+011D (decimal 285)
   defining Unicode char U+011E (decimal 286)
   defining Unicode char U+011F (decimal 287)
   defining Unicode char U+0120 (decimal 288)
   defining Unicode char U+0121 (decimal 289)
   defining Unicode char U+0122 (decimal 290)
   defining Unicode char U+0123 (decimal 291)
   defining Unicode char U+0124 (decimal 292)
   defining Unicode char U+0125 (decimal 293)
   defining Unicode char U+0128 (decimal 296)
   defining Unicode char U+0129 (decimal 297)
   defining Unicode char U+012A (decimal 298)
   defining Unicode char U+012B (decimal 299)
   defining Unicode char U+012C (decimal 300)
   defining Unicode char U+012D (decimal 301)
   defining Unicode char U+012E (decimal 302)
   defining Unicode char U+012F (decimal 303)
   defining Unicode char U+0130 (decimal 304)
   defining Unicode char U+0131 (decimal 305)
   defining Unicode char U+0132 (decimal 306)
   defining Unicode char U+0133 (decimal 307)
   defining Unicode char U+0134 (decimal 308)
   defining Unicode char U+0135 (decimal 309)
   defining Unicode char U+0136 (decimal 310)
   defining Unicode char U+0137 (decimal 311)
   defining Unicode char U+0139 (decimal 313)
   defining Unicode char U+013A (decimal 314)
   defining Unicode char U+013B (decimal 315)
   defining Unicode char U+013C (decimal 316)
   defining Unicode char U+013D (decimal 317)
   defining Unicode char U+013E (decimal 318)
   defining Unicode char U+0141 (decimal 321)
   defining Unicode char U+0142 (decimal 322)
   defining Unicode char U+0143 (decimal 323)
   defining Unicode char U+0144 (decimal 324)
   defining Unicode char U+0145 (decimal 325)
   defining Unicode char U+0146 (decimal 326)
   defining Unicode char U+0147 (decimal 327)
   defining Unicode char U+0148 (decimal 328)
   defining Unicode char U+014A (decimal 330)
   defining Unicode char U+014B (decimal 331)
   defining Unicode char U+014C (decimal 332)
   defining Unicode char U+014D (decimal 333)
   defining Unicode char U+014E (decimal 334)
   defining Unicode char U+014F (decimal 335)
   defining Unicode char U+0150 (decimal 336)
   defining Unicode char U+0151 (decimal 337)
   defining Unicode char U+0152 (decimal 338)
   defining Unicode char U+0153 (decimal 339)
   defining Unicode char U+0154 (decimal 340)
   defining Unicode char U+0155 (decimal 341)
   defining Unicode char U+0156 (decimal 342)
   defining Unicode char U+0157 (decimal 343)
   defining Unicode char U+0158 (decimal 344)
   defining Unicode char U+0159 (decimal 345)
   defining Unicode char U+015A (decimal 346)
   defining Unicode char U+015B (decimal 347)
   defining Unicode char U+015C (decimal 348)
   defining Unicode char U+015D (decimal 349)
   defining Unicode char U+015E (decimal 350)
   defining Unicode char U+015F (decimal 351)
   defining Unicode char U+0160 (decimal 352)
   defining Unicode char U+0161 (decimal 353)
   defining Unicode char U+0162 (decimal 354)
   defining Unicode char U+0163 (decimal 355)
   defining Unicode char U+0164 (decimal 356)
   defining Unicode char U+0165 (decimal 357)
   defining Unicode char U+0168 (decimal 360)
   defining Unicode char U+0169 (decimal 361)
   defining Unicode char U+016A (decimal 362)
   defining Unicode char U+016B (decimal 363)
   defining Unicode char U+016C (decimal 364)
   defining Unicode char U+016D (decimal 365)
   defining Unicode char U+016E (decimal 366)
   defining Unicode char U+016F (decimal 367)
   defining Unicode char U+0170 (decimal 368)
   defining Unicode char U+0171 (decimal 369)
   defining Unicode char U+0172 (decimal 370)
   defining Unicode char U+0173 (decimal 371)
   defining Unicode char U+0174 (decimal 372)
   defining Unicode char U+0175 (decimal 373)
   defining Unicode char U+0176 (decimal 374)
   defining Unicode char U+0177 (decimal 375)
   defining Unicode char U+0178 (decimal 376)
   defining Unicode char U+0179 (decimal 377)
   defining Unicode char U+017A (decimal 378)
   defining Unicode char U+017B (decimal 379)
   defining Unicode char U+017C (decimal 380)
   defining Unicode char U+017D (decimal 381)
   defining Unicode char U+017E (decimal 382)
   defining Unicode char U+01CD (decimal 461)
   defining Unicode char U+01CE (decimal 462)
   defining Unicode char U+01CF (decimal 463)
   defining Unicode char U+01D0 (decimal 464)
   defining Unicode char U+01D1 (decimal 465)
   defining Unicode char U+01D2 (decimal 466)
   defining Unicode char U+01D3 (decimal 467)
   defining Unicode char U+01D4 (decimal 468)
   defining Unicode char U+01E2 (decimal 482)
   defining Unicode char U+01E3 (decimal 483)
   defining Unicode char U+01E6 (decimal 486)
   defining Unicode char U+01E7 (decimal 487)
   defining Unicode char U+01E8 (decimal 488)
   defining Unicode char U+01E9 (decimal 489)
   defining Unicode char U+01EA (decimal 490)
   defining Unicode char U+01EB (decimal 491)
   defining Unicode char U+01F0 (decimal 496)
   defining Unicode char U+01F4 (decimal 500)
   defining Unicode char U+01F5 (decimal 501)
   defining Unicode char U+0218 (decimal 536)
   defining Unicode char U+0219 (decimal 537)
   defining Unicode char U+021A (decimal 538)
   defining Unicode char U+021B (decimal 539)
   defining Unicode char U+0232 (decimal 562)
   defining Unicode char U+0233 (decimal 563)
   defining Unicode char U+1E02 (decimal 7682)
   defining Unicode char U+1E03 (decimal 7683)
   defining Unicode char U+200C (decimal 8204)
   defining Unicode char U+2010 (decimal 8208)
   defining Unicode char U+2011 (decimal 8209)
   defining Unicode char U+2012 (decimal 8210)
   defining Unicode char U+2013 (decimal 8211)
   defining Unicode char U+2014 (decimal 8212)
   defining Unicode char U+2015 (decimal 8213)
   defining Unicode char U+2018 (decimal 8216)
   defining Unicode char U+2019 (decimal 8217)
   defining Unicode char U+201A (decimal 8218)
   defining Unicode char U+201C (decimal 8220)
   defining Unicode char U+201D (decimal 8221)
   defining Unicode char U+201E (decimal 8222)
   defining Unicode char U+2030 (decimal 8240)
   defining Unicode char U+2031 (decimal 8241)
   defining Unicode char U+2039 (decimal 8249)
   defining Unicode char U+203A (decimal 8250)
   defining Unicode char U+2423 (decimal 9251)
   defining Unicode char U+1E20 (decimal 7712)
   defining Unicode char U+1E21 (decimal 7713)
)
Now handling font encoding OT1 ...
... processing UTF-8 mapping file for font encoding OT1

("C:\Program Files\MiKTeX 2.9\tex\latex\base\ot1enc.dfu"
File: ot1enc.dfu 2017/01/28 v1.1t UTF-8 support for inputenc
   defining Unicode char U+00A0 (decimal 160)
   defining Unicode char U+00A1 (decimal 161)
   defining Unicode char U+00A3 (decimal 163)
   defining Unicode char U+00AD (decimal 173)
   defining Unicode char U+00B8 (decimal 184)
   defining Unicode char U+00BF (decimal 191)
   defining Unicode char U+00C5 (decimal 197)
   defining Unicode char U+00C6 (decimal 198)
   defining Unicode char U+00D8 (decimal 216)
   defining Unicode char U+00DF (decimal 223)
   defining Unicode char U+00E6 (decimal 230)
   defining Unicode char U+00EC (decimal 236)
   defining Unicode char U+00ED (decimal 237)
   defining Unicode char U+00EE (decimal 238)
   defining Unicode char U+00EF (decimal 239)
   defining Unicode char U+00F8 (decimal 248)
   defining Unicode char U+0131 (decimal 305)
   defining Unicode char U+0141 (decimal 321)
   defining Unicode char U+0142 (decimal 322)
   defining Unicode char U+0152 (decimal 338)
   defining Unicode char U+0153 (decimal 339)
   defining Unicode char U+0174 (decimal 372)
   defining Unicode char U+0175 (decimal 373)
   defining Unicode char U+0176 (decimal 374)
   defining Unicode char U+0177 (decimal 375)
   defining Unicode char U+0218 (decimal 536)
   defining Unicode char U+0219 (decimal 537)
   defining Unicode char U+021A (decimal 538)
   defining Unicode char U+021B (decimal 539)
   defining Unicode char U+2013 (decimal 8211)
   defining Unicode char U+2014 (decimal 8212)
   defining Unicode char U+2018 (decimal 8216)
   defining Unicode char U+2019 (decimal 8217)
   defining Unicode char U+201C (decimal 8220)
   defining Unicode char U+201D (decimal 8221)
)
Now handling font encoding OMS ...
... processing UTF-8 mapping file for font encoding OMS

("C:\Program Files\MiKTeX 2.9\tex\latex\base\omsenc.dfu"
File: omsenc.dfu 2017/01/28 v1.1t UTF-8 support for inputenc
   defining Unicode char U+00A7 (decimal 167)
   defining Unicode char U+00B6 (decimal 182)
   defining Unicode char U+00B7 (decimal 183)
   defining Unicode char U+2020 (decimal 8224)
   defining Unicode char U+2021 (decimal 8225)
   defining Unicode char U+2022 (decimal 8226)
)
Now handling font encoding OMX ...
... no UTF-8 mapping file for font encoding OMX
Now handling font encoding U ...
... no UTF-8 mapping file for font encoding U
   defining Unicode char U+00A9 (decimal 169)
   defining Unicode char U+00AA (decimal 170)
   defining Unicode char U+00AE (decimal 174)
   defining Unicode char U+00BA (decimal 186)
   defining Unicode char U+02C6 (decimal 710)
   defining Unicode char U+02DC (decimal 732)
   defining Unicode char U+200C (decimal 8204)
   defining Unicode char U+2026 (decimal 8230)
   defining Unicode char U+2122 (decimal 8482)
   defining Unicode char U+2423 (decimal 9251)
))
("C:\Program Files\MiKTeX 2.9\tex\generic\babel\babel.sty"
Package: babel 2018/02/14 3.18 The Babel package

("C:\Program Files\MiKTeX 2.9\tex\generic\babel\switch.def"
File: switch.def 2018/02/14 3.18 Babel switching mechanism
)
*************************************
* Local config file bblopts.cfg used
*
("C:\Program Files\MiKTeX 2.9\tex\latex\arabi\bblopts.cfg"
File: bblopts.cfg 2005/09/08 v0.1 add Arabic and Farsi to "declared" options of
 babel
)
("C:\Program Files\MiKTeX 2.9\tex\latex\babel-portuges\portuges.ldf"
Language: portuges 2008/03/18 v1.2q Portuguese support from the babel system

("C:\Program Files\MiKTeX 2.9\tex\generic\babel\babel.def"
File: babel.def 2018/02/14 3.18 Babel common definitions
\babel@savecnt=\count87
\U@D=\dimen103

("C:\Program Files\MiKTeX 2.9\tex\generic\babel\txtbabel.def")
\bbl@dirlevel=\count88
)
\l@brazil = a dialect from \language\l@portuges 
Package babel Info: Making " an active character on input line 145.
))
("C:\Program Files\MiKTeX 2.9\tex\latex\graphics\graphicx.sty"
Package: graphicx 2017/06/01 v1.1a Enhanced LaTeX Graphics (DPC,SPQR)

("C:\Program Files\MiKTeX 2.9\tex\latex\graphics\keyval.sty"
Package: keyval 2014/10/28 v1.15 key=value parser (DPC)
\KV@toks@=\toks16
)
("C:\Program Files\MiKTeX 2.9\tex\latex\graphics\graphics.sty"
Package: graphics 2017/06/25 v1.2c Standard LaTeX Graphics (DPC,SPQR)

("C:\Program Files\MiKTeX 2.9\tex\latex\graphics\trig.sty"
Package: trig 2016/01/03 v1.10 sin cos tan (DPC)
)
("C:\Program Files\MiKTeX 2.9\tex\latex\graphics-cfg\graphics.cfg"
File: graphics.cfg 2016/06/04 v1.11 sample graphics configuration
)
Package graphics Info: Driver file: pdftex.def on input line 99.

("C:\Program Files\MiKTeX 2.9\tex\latex\graphics-def\pdftex.def"
File: pdftex.def 2018/01/08 v1.0l Graphics/color driver for pdftex
))
\Gin@req@height=\dimen104
\Gin@req@width=\dimen105
)
("C:\Program Files\MiKTeX 2.9\tex\latex\geometry\geometry.sty"
Package: geometry 2010/09/12 v5.6 Page Geometry

("C:\Program Files\MiKTeX 2.9\tex\generic\oberdiek\ifpdf.sty"
Package: ifpdf 2017/03/15 v3.2 Provides the ifpdf switch
)
("C:\Program Files\MiKTeX 2.9\tex\generic\oberdiek\ifvtex.sty"
Package: ifvtex 2016/05/16 v1.6 Detect VTeX and its facilities (HO)
Package ifvtex Info: VTeX not detected.
)
("C:\Program Files\MiKTeX 2.9\tex\generic\ifxetex\ifxetex.sty"
Package: ifxetex 2010/09/12 v0.6 Provides ifxetex conditional
)
\Gm@cnth=\count89
\Gm@cntv=\count90
\c@Gm@tempcnt=\count91
\Gm@bindingoffset=\dimen106
\Gm@wd@mp=\dimen107
\Gm@odd@mp=\dimen108
\Gm@even@mp=\dimen109
\Gm@layoutwidth=\dimen110
\Gm@layoutheight=\dimen111
\Gm@layouthoffset=\dimen112
\Gm@layoutvoffset=\dimen113
\Gm@dimlist=\toks17

("C:\Program Files\MiKTeX 2.9\tex\latex\geometry\geometry.cfg"))
("C:\Program Files\MiKTeX 2.9\tex\latex\setspace\setspace.sty"
Package: setspace 2011/12/19 v6.7a set line spacing
)
("C:\Program Files\MiKTeX 2.9\tex\latex\tools\indentfirst.sty"
Package: indentfirst 1995/11/23 v1.03 Indent first paragraph (DPC)
)
("C:\Program Files\MiKTeX 2.9\tex\latex\psnfss\times.sty"
Package: times 2005/04/12 PSNFSS-v9.2a (SPQR) 
)
("C:\Program Files\MiKTeX 2.9\tex\latex\sectsty\sectsty.sty"
Package: sectsty 2002/02/25 v2.0.2 Commands to change all sectional heading sty
les
)
("C:\Program Files\MiKTeX 2.9\tex\latex\listings\listings.sty"
\lst@mode=\count92
\lst@gtempboxa=\box26
\lst@token=\toks18
\lst@length=\count93
\lst@currlwidth=\dimen114
\lst@column=\count94
\lst@pos=\count95
\lst@lostspace=\dimen115
\lst@width=\dimen116
\lst@newlines=\count96
\lst@lineno=\count97
\lst@maxwidth=\dimen117

("C:\Program Files\MiKTeX 2.9\tex\latex\listings\lstmisc.sty"
File: lstmisc.sty 2015/06/04 1.6 (Carsten Heinz)
\c@lstnumber=\count98
\lst@skipnumbers=\count99
\lst@framebox=\box27
)
("C:\Program Files\MiKTeX 2.9\tex\latex\listings\listings.cfg"
File: listings.cfg 2015/06/04 1.6 listings configuration
))
Package: listings 2015/06/04 1.6 (Carsten Heinz)

("C:\Program Files\MiKTeX 2.9\tex\latex\abntex2\abntex2cite.sty"
Package: abntex2cite 2016/02/26 v-1.9.6 abnTeX2

("C:\Program Files\MiKTeX 2.9\tex\latex\base\ifthen.sty"
Package: ifthen 2014/09/29 v1.1c Standard LaTeX ifthen package (DPC)
)
("C:\Program Files\MiKTeX 2.9\tex\latex\tools\calc.sty"
Package: calc 2014/10/28 v4.3 Infix arithmetic (KKT,FJ)
\calc@Acount=\count100
\calc@Bcount=\count101
\calc@Adimen=\dimen118
\calc@Bdimen=\dimen119
\calc@Askip=\skip43
\calc@Bskip=\skip44
LaTeX Info: Redefining \setlength on input line 80.
LaTeX Info: Redefining \addtolength on input line 81.
\calc@Ccount=\count102
\calc@Cskip=\skip45
)
("C:\Program Files\MiKTeX 2.9\tex\latex\abntex2\abntex2abrev.sty")
("C:\Program Files\MiKTeX 2.9\tex\latex\url\url.sty"
\Urlmuskip=\muskip10
Package: url 2013/09/16  ver 3.4  Verb mode for urls, etc.
)
\minimumbiblabelwidth=\skip46
\ABCIauxlen=\skip47
\c@ABCIaux=\count103
\c@ABCImax=\count104

("C:\Program Files\MiKTeX 2.9\tex\latex\ltxmisc\relsize.sty"
Package: relsize 2003/07/04 ver 3.1
)
\biblabelsep=\skip48
LaTeX Info: Redefining \newblock on input line 591.
LaTeX Info: Redefining \cite on input line 618.
\ABCItoken=\toks19
) (Monografia.aux)
\openout1 = `Monografia.aux'.

LaTeX Font Info:    Checking defaults for OML/cmm/m/it on input line 43.
LaTeX Font Info:    ... okay on input line 43.
LaTeX Font Info:    Checking defaults for T1/cmr/m/n on input line 43.
LaTeX Font Info:    ... okay on input line 43.
LaTeX Font Info:    Checking defaults for OT1/cmr/m/n on input line 43.
LaTeX Font Info:    ... okay on input line 43.
LaTeX Font Info:    Checking defaults for OMS/cmsy/m/n on input line 43.
LaTeX Font Info:    ... okay on input line 43.
LaTeX Font Info:    Checking defaults for OMX/cmex/m/n on input line 43.
LaTeX Font Info:    ... okay on input line 43.
LaTeX Font Info:    Checking defaults for U/cmr/m/n on input line 43.
LaTeX Font Info:    ... okay on input line 43.
LaTeX Font Info:    Try loading font information for OT1+ptm on input line 43.
("C:\Program Files\MiKTeX 2.9\tex\latex\psnfss\ot1ptm.fd"
File: ot1ptm.fd 2001/06/04 font definitions for OT1/ptm.
)
("C:\Program Files\MiKTeX 2.9\tex\context\base\supp-pdf.mkii"
[Loading MPS to PDF converter (version 2006.09.02).]
\scratchcounter=\count105
\scratchdimen=\dimen120
\scratchbox=\box28
\nofMPsegments=\count106
\nofMParguments=\count107
\everyMPshowfont=\toks20
\MPscratchCnt=\count108
\MPscratchDim=\dimen121
\MPnumerator=\count109
\makeMPintoPDFobject=\count110
\everyMPtoPDFconversion=\toks21
) ("C:\Program Files\MiKTeX 2.9\tex\latex\oberdiek\epstopdf-base.sty"
Package: epstopdf-base 2016/05/15 v2.6 Base part for package epstopdf

("C:\Program Files\MiKTeX 2.9\tex\generic\oberdiek\infwarerr.sty"
Package: infwarerr 2016/05/16 v1.4 Providing info/warning/error messages (HO)
)
("C:\Program Files\MiKTeX 2.9\tex\latex\oberdiek\grfext.sty"
Package: grfext 2016/05/16 v1.2 Manage graphics extensions (HO)

("C:\Program Files\MiKTeX 2.9\tex\generic\oberdiek\kvdefinekeys.sty"
Package: kvdefinekeys 2016/05/16 v1.4 Define keys (HO)

("C:\Program Files\MiKTeX 2.9\tex\generic\oberdiek\ltxcmds.sty"
Package: ltxcmds 2016/05/16 v1.23 LaTeX kernel commands for general use (HO)
)))
("C:\Program Files\MiKTeX 2.9\tex\latex\oberdiek\kvoptions.sty"
Package: kvoptions 2016/05/16 v3.12 Key value format for package options (HO)

("C:\Program Files\MiKTeX 2.9\tex\generic\oberdiek\kvsetkeys.sty"
Package: kvsetkeys 2016/05/16 v1.17 Key value parser (HO)

("C:\Program Files\MiKTeX 2.9\tex\generic\oberdiek\etexcmds.sty"
Package: etexcmds 2016/05/16 v1.6 Avoid name clashes with e-TeX commands (HO)

("C:\Program Files\MiKTeX 2.9\tex\generic\oberdiek\ifluatex.sty"
Package: ifluatex 2016/05/16 v1.4 Provides the ifluatex switch (HO)
Package ifluatex Info: LuaTeX not detected.
)
Package etexcmds Info: Could not find \expanded.
(etexcmds)             That can mean that you are not using pdfTeX 1.50 or
(etexcmds)             that some package has redefined \expanded.
(etexcmds)             In the latter case, load this package earlier.
)))
("C:\Program Files\MiKTeX 2.9\tex\generic\oberdiek\pdftexcmds.sty"
Package: pdftexcmds 2018/01/21 v0.26 Utility functions of pdfTeX for LuaTeX (HO
)
Package pdftexcmds Info: LuaTeX not detected.
Package pdftexcmds Info: \pdf@primitive is available.
Package pdftexcmds Info: \pdf@ifprimitive is available.
Package pdftexcmds Info: \pdfdraftmode found.
)
Package epstopdf-base Info: Redefining graphics rule for `.eps' on input line 4
38.
Package grfext Info: Graphics extension search list:
(grfext)             [.pdf,.png,.jpg,.mps,.jpeg,.jbig2,.jb2,.PDF,.PNG,.JPG,.JPE
G,.JBIG2,.JB2,.eps]
(grfext)             \AppendGraphicsExtensions on input line 456.
)
*geometry* driver: auto-detecting
*geometry* detected driver: pdftex
*geometry* verbose mode - [ preamble ] result:
* driver: pdftex
* paper: a4paper
* layout: <same size as paper>
* layoutoffset:(h,v)=(0.0pt,0.0pt)
* modes: 
* h-part:(L,W,R)=(85.35826pt, 455.24411pt, 56.9055pt)
* v-part:(T,H,B)=(85.35826pt, 702.78308pt, 56.9055pt)
* \paperwidth=597.50787pt
* \paperheight=845.04684pt
* \textwidth=455.24411pt
* \textheight=702.78308pt
* \oddsidemargin=13.08827pt
* \evensidemargin=13.08827pt
* \topmargin=-23.91173pt
* \headheight=12.0pt
* \headsep=25.0pt
* \topskip=12.0pt
* \footskip=30.0pt
* \marginparwidth=44.0pt
* \marginparsep=10.0pt
* \columnsep=10.0pt
* \skip\footins=10.8pt plus 4.0pt minus 2.0pt
* \hoffset=0.0pt
* \voffset=0.0pt
* \mag=1000
* \@twocolumnfalse
* \@twosidefalse
* \@mparswitchfalse
* \@reversemarginfalse
* (1in=72.27pt=25.4mm, 1cm=28.453pt)

\c@lstlisting=\count111
(Capa.tex
<imagens/ifHorizontal.png, id=1, 730.8906pt x 148.3944pt>
File: imagens/ifHorizontal.png Graphic file (type png)
<use imagens/ifHorizontal.png>
Package pdftex.def Info: imagens/ifHorizontal.png  used on input line 6.
(pdftex.def)             Requested size: 219.26886pt x 44.51865pt.
LaTeX Font Info:    Font shape `OT1/ptm/bx/n' in size <12> not available
(Font)              Font shape `OT1/ptm/b/n' tried instead on input line 10.
LaTeX Font Info:    Font shape `OT1/ptm/bx/n' in size <14.4> not available
(Font)              Font shape `OT1/ptm/b/n' tried instead on input line 18.
) (FolhaRosto.tex [1

{C:/Users/ricardo/AppData/Local/MiKTeX/2.9/pdftex/config/pdftex.map} <./imagens
/ifHorizontal.png>]
Underfull \hbox (badness 10000) in paragraph at lines 16--17

 []


Underfull \hbox (badness 10000) in paragraph at lines 18--19

 []

LaTeX Font Info:    External font `cmex10' loaded for size
(Font)              <12> on input line 19.
LaTeX Font Info:    External font `cmex10' loaded for size
(Font)              <8> on input line 19.
LaTeX Font Info:    External font `cmex10' loaded for size
(Font)              <6> on input line 19.
) (FolhaAprovacao.tex [2]
Underfull \hbox (badness 2503) in paragraph at lines 17--18
\OT1/ptm/m/n/12 ao Ins-ti-tuto Fe-de-ral de Educa[][]ao, Ci[]encia
 []


Underfull \hbox (badness 2302) in paragraph at lines 17--18
\OT1/ptm/m/n/12 e Tec-no-lo-gia do Tri[]angulo Mi-neiro, Cam-
 []


Underfull \hbox (badness 2689) in paragraph at lines 17--18
\OT1/ptm/m/n/12 pus Ituiu-taba, como re-qui-sito par-cial para
 []


Underfull \hbox (badness 10000) in paragraph at lines 17--18

 []

) (Dedicatoria.tex [3]) (Agradecimento.tex [4]) (Resumo.tex [5]
Underfull \hbox (badness 10000) in paragraph at lines 7--8

 []

) (Abstract.tex [6]
Underfull \hbox (badness 10000) in paragraph at lines 7--8

 []

) [7]
LaTeX Font Info:    Font shape `OT1/ptm/bx/n' in size <17.28> not available
(Font)              Font shape `OT1/ptm/b/n' tried instead on input line 54.
 (Monografia.lof [8])
\tf@lof=\write3
\openout3 = `Monografia.lof'.

 [9] (Monografia.lot)
\tf@lot=\write4
\openout4 = `Monografia.lot'.

 [10] (Monografia.lol)
\tf@lol=\write5
\openout5 = `Monografia.lol'.

 [11]
(Monografia.toc [12])
\tf@toc=\write6
\openout6 = `Monografia.toc'.

 (Introducao.tex [13]
LaTeX Font Info:    Try loading font information for OMS+ptm on input line 21.

("C:\Program Files\MiKTeX 2.9\tex\latex\psnfss\omsptm.fd"
File: omsptm.fd 
)
LaTeX Font Info:    Font shape `OMS/ptm/m/n' in size <12> not available
(Font)              Font shape `OMS/cmsy/m/n' tried instead on input line 21.
 [1]) (Latex.tex
[2]
Underfull \hbox (badness 10000) in paragraph at lines 15--16

 []

[3]
<imagens/miktex/miktex1.png, id=58, 740.0147pt x 499.11469pt>
File: imagens/miktex/miktex1.png Graphic file (type png)
<use imagens/miktex/miktex1.png>
Package pdftex.def Info: imagens/miktex/miktex1.png  used on input line 30.
(pdftex.def)             Requested size: 296.00063pt x 199.64232pt.

Underfull \hbox (badness 10000) in paragraph at lines 36--37

 []

<imagens/miktex/miktex2.png, id=59, 574.39594pt x 124.96687pt>
File: imagens/miktex/miktex2.png Graphic file (type png)
<use imagens/miktex/miktex2.png>
Package pdftex.def Info: imagens/miktex/miktex2.png  used on input line 40.
(pdftex.def)             Requested size: 344.64021pt x 74.9807pt.
[4 <./imagens/miktex/miktex1.png> <./imagens/miktex/miktex2.png>]
Underfull \hbox (badness 10000) in paragraph at lines 47--48

 []

<imagens/miktex/miktex3.png, id=64, 374.14781pt x 295.1025pt>
File: imagens/miktex/miktex3.png Graphic file (type png)
<use imagens/miktex/miktex3.png>
Package pdftex.def Info: imagens/miktex/miktex3.png  used on input line 51.
(pdftex.def)             Requested size: 261.90167pt x 206.57033pt.

Underfull \hbox (badness 10000) in paragraph at lines 57--58

 []

<imagens/miktex/miktex4.png, id=65, 372.64218pt x 295.1025pt>
File: imagens/miktex/miktex4.png Graphic file (type png)
<use imagens/miktex/miktex4.png>
Package pdftex.def Info: imagens/miktex/miktex4.png  used on input line 61.
(pdftex.def)             Requested size: 260.84775pt x 206.57033pt.
[5 <./imagens/miktex/miktex3.png> <./imagens/miktex/miktex4.png>]
Underfull \hbox (badness 10000) in paragraph at lines 68--69

 []

<imagens/miktex/miktex5.png, id=70, 375.65344pt x 296.60812pt>
File: imagens/miktex/miktex5.png Graphic file (type png)
<use imagens/miktex/miktex5.png>
Package pdftex.def Info: imagens/miktex/miktex5.png  used on input line 72.
(pdftex.def)             Requested size: 262.9556pt x 207.62427pt.

Underfull \hbox (badness 10000) in paragraph at lines 78--79

 []

<imagens/miktex/miktex6.png, id=71, 377.15906pt x 296.60812pt>
File: imagens/miktex/miktex6.png Graphic file (type png)
<use imagens/miktex/miktex6.png>
Package pdftex.def Info: imagens/miktex/miktex6.png  used on input line 82.
(pdftex.def)             Requested size: 264.00954pt x 207.62427pt.
[6 <./imagens/miktex/miktex5.png> <./imagens/miktex/miktex6.png>]
Underfull \hbox (badness 10000) in paragraph at lines 89--90

 []

<imagens/miktex/miktex7.png, id=76, 373.395pt x 295.1025pt>
File: imagens/miktex/miktex7.png Graphic file (type png)
<use imagens/miktex/miktex7.png>
Package pdftex.def Info: imagens/miktex/miktex7.png  used on input line 93.
(pdftex.def)             Requested size: 261.37471pt x 206.57033pt.

Underfull \hbox (badness 10000) in paragraph at lines 99--100

 []

<imagens/miktex/miktex8.png, id=77, 373.395pt x 294.34969pt>
File: imagens/miktex/miktex8.png Graphic file (type png)
<use imagens/miktex/miktex8.png>
Package pdftex.def Info: imagens/miktex/miktex8.png  used on input line 103.
(pdftex.def)             Requested size: 261.37471pt x 206.04337pt.
[7 <./imagens/miktex/miktex7.png> <./imagens/miktex/miktex8.png>]
<imagens/miktex/miktex9.png, id=81, 375.65344pt x 296.60812pt>
File: imagens/miktex/miktex9.png Graphic file (type png)
<use imagens/miktex/miktex9.png>
Package pdftex.def Info: imagens/miktex/miktex9.png  used on input line 114.
(pdftex.def)             Requested size: 262.9556pt x 207.62427pt.

Underfull \hbox (badness 10000) in paragraph at lines 123--124

 []

<imagens/texmaker/texmaker1.png, id=82, 892.08281pt x 481.04718pt>
File: imagens/texmaker/texmaker1.png Graphic file (type png)
<use imagens/texmaker/texmaker1.png>
Package pdftex.def Info: imagens/texmaker/texmaker1.png  used on input line 127
.
(pdftex.def)             Requested size: 312.23366pt x 168.36903pt.
[8 <./imagens/miktex/miktex9.png> <./imagens/texmaker/texmaker1.png>]
<imagens/texmaker/texmaker2.png, id=86, 586.44093pt x 127.22531pt>
File: imagens/texmaker/texmaker2.png Graphic file (type png)
<use imagens/texmaker/texmaker2.png>
Package pdftex.def Info: imagens/texmaker/texmaker2.png  used on input line 138
.
(pdftex.def)             Requested size: 293.21974pt x 63.61249pt.
<imagens/texmaker/texmaker3.png, id=87, 743.02594pt x 577.40718pt>
File: imagens/texmaker/texmaker3.png Graphic file (type png)
<use imagens/texmaker/texmaker3.png>
Package pdftex.def Info: imagens/texmaker/texmaker3.png  used on input line 148
.
(pdftex.def)             Requested size: 222.9095pt x 173.22348pt.
<imagens/texmaker/texmaker4.png, id=88, 747.54282pt x 577.40718pt>
File: imagens/texmaker/texmaker4.png Graphic file (type png)
<use imagens/texmaker/texmaker4.png>
Package pdftex.def Info: imagens/texmaker/texmaker4.png  used on input line 158
.
(pdftex.def)             Requested size: 224.26457pt x 173.22348pt.
 [9 <./imagens/texmaker/texmaker2.png> <./imagens/texmaker/texmaker3.png> <./im
agens/texmaker/texmaker4.png>]
<imagens/texmaker/texmaker5.png, id=93, 740.0147pt x 577.40718pt>
File: imagens/texmaker/texmaker5.png Graphic file (type png)
<use imagens/texmaker/texmaker5.png>
Package pdftex.def Info: imagens/texmaker/texmaker5.png  used on input line 169
.
(pdftex.def)             Requested size: 222.00612pt x 173.22348pt.

Underfull \hbox (badness 10000) in paragraph at lines 189--190

 []

[10 <./imagens/texmaker/texmaker5.png>]
("C:\Program Files\MiKTeX 2.9\tex\latex\listings\lstlang1.sty"
File: lstlang1.sty 2015/06/04 1.6 listings language file
)
("C:\Program Files\MiKTeX 2.9\tex\latex\listings\lstlang2.sty"
File: lstlang2.sty 2015/06/04 1.6 listings language file
)
("C:\Program Files\MiKTeX 2.9\tex\latex\listings\lstlang3.sty"
File: lstlang3.sty 2015/06/04 1.6 listings language file
)
("C:\Program Files\MiKTeX 2.9\tex\latex\listings\lstlang1.sty"
File: lstlang1.sty 2015/06/04 1.6 listings language file
)
("C:\Program Files\MiKTeX 2.9\tex\latex\listings\lstlang2.sty"
File: lstlang2.sty 2015/06/04 1.6 listings language file
)
("C:\Program Files\MiKTeX 2.9\tex\latex\listings\lstlang3.sty"
File: lstlang3.sty 2015/06/04 1.6 listings language file
)
("C:\Program Files\MiKTeX 2.9\tex\latex\listings\lstlang1.sty"
File: lstlang1.sty 2015/06/04 1.6 listings language file
)
("C:\Program Files\MiKTeX 2.9\tex\latex\listings\lstlang2.sty"
File: lstlang2.sty 2015/06/04 1.6 listings language file
)
("C:\Program Files\MiKTeX 2.9\tex\latex\listings\lstlang3.sty"
File: lstlang3.sty 2015/06/04 1.6 listings language file
)
("C:\Program Files\MiKTeX 2.9\tex\latex\listings\lstmisc.sty"
File: lstmisc.sty 2015/06/04 1.6 (Carsten Heinz)
)
(codigos/helloworld.tex
LaTeX Font Info:    External font `cmex10' loaded for size
(Font)              <7> on input line 1.
LaTeX Font Info:    External font `cmex10' loaded for size
(Font)              <5> on input line 1.
LaTeX Font Info:    Font shape `OMS/ptm/m/n' in size <10> not available
(Font)              Font shape `OMS/cmsy/m/n' tried instead on input line 4.
LaTeX Font Info:    Font shape `OT1/ptm/bx/n' in size <10> not available
(Font)              Font shape `OT1/ptm/b/n' tried instead on input line 13.
)
<imagens/compilar.png, id=97, 1006.51031pt x 68.50594pt>
File: imagens/compilar.png Graphic file (type png)
<use imagens/compilar.png>
Package pdftex.def Info: imagens/compilar.png  used on input line 200.
(pdftex.def)             Requested size: 452.92546pt x 30.82738pt.
 [11 <./imagens/compilar.png>]
Underfull \hbox (badness 10000) in paragraph at lines 227--228

 []

[12] (codigos/codigosection.tex
Overfull \hbox (0.76053pt too wide) in paragraph at lines 4--5
[][][][][][][][][][][][][][][][][][][][][][][][][][][] 
 []


Overfull \hbox (18.76071pt too wide) in paragraph at lines 13--14
[][][][][][][][][][][][][][][][][][][][][][][] 
 []

)
Underfull \hbox (badness 10000) in paragraph at lines 235--236

 []

(codigos/codigofigure.tex)
Underfull \hbox (badness 10000) in paragraph at lines 247--248

 []

[13]
Underfull \hbox (badness 10000) in paragraph at lines 259--260

 []

(codigos/iffigure.tex)
Underfull \hbox (badness 10000) in paragraph at lines 265--266

 []

<imagens/iftm.png, id=109, 271.0125pt x 284.7438pt>
File: imagens/iftm.png Graphic file (type png)
<use imagens/iftm.png>
Package pdftex.def Info: imagens/iftm.png  used on input line 269.
(pdftex.def)             Requested size: 108.40306pt x 113.8955pt.
[14 <./imagens/iftm.png>]
Underfull \hbox (badness 10000) in paragraph at lines 285--286

 []

("C:\Program Files\MiKTeX 2.9\tex\latex\listings\lstlang1.sty"
File: lstlang1.sty 2015/06/04 1.6 listings language file
)
("C:\Program Files\MiKTeX 2.9\tex\latex\listings\lstmisc.sty"
File: lstmisc.sty 2015/06/04 1.6 (Carsten Heinz)
)
(codigos/codigoC.tex) [15] (codigos/helloworldC.c
LaTeX Font Info:    Try loading font information for OML+ptm on input line 1.

("C:\Program Files\MiKTeX 2.9\tex\latex\psnfss\omlptm.fd"
File: omlptm.fd 
)
LaTeX Font Info:    Font shape `OML/ptm/m/n' in size <10> not available
(Font)              Font shape `OML/cmm/m/it' tried instead on input line 1.
LaTeX Font Info:    Try loading font information for OT1+pcr on input line 5.

("C:\Program Files\MiKTeX 2.9\tex\latex\psnfss\ot1pcr.fd"
File: ot1pcr.fd 2001/06/04 font definitions for OT1/pcr.
))
Underfull \hbox (badness 10000) in paragraph at lines 299--300

 []


Underfull \hbox (badness 10000) in paragraph at lines 301--302

 []


Underfull \hbox (badness 10000) in paragraph at lines 320--321

 []

[16]
Underfull \hbox (badness 10000) in paragraph at lines 338--339

 []

(codigos/codigotable.tex) [17] (codigos/codigoequation.tex
Overfull \hbox (0.76053pt too wide) in paragraph at lines 5--6
[][][][][][][][][][][][][][][][][][][][][][][][][][][][][][][][][][][][][][][][
][][][][][][][][] 
 []

)
Underfull \hbox (badness 10000) in paragraph at lines 374--375

 []

(codigos/referenci.tex) [18]
Underfull \hbox (badness 10000) in paragraph at lines 404--405

 []

<imagens/compilarRef.png, id=132, 494.59781pt x 44.41594pt>
File: imagens/compilarRef.png Graphic file (type png)
<use imagens/compilarRef.png>
Package pdftex.def Info: imagens/compilarRef.png  used on input line 428.
(pdftex.def)             Requested size: 247.2983pt x 22.2079pt.

LaTeX Warning: `h' float specifier changed to `ht'.

[19]) (Modelos.tex [20 <./imagens/compilarRef.png>]
Underfull \hbox (badness 10000) in paragraph at lines 13--14

 []

[21] (codigos/FolhaRosto.tex
Overfull \hbox (0.76053pt too wide) in paragraph at lines 11--12
[][][][][][][][][][][][][][][][][][][][][][][][][] 
 []

)
Overfull \hbox (21.48505pt too wide) in paragraph at lines 19--20
[]\OT1/ptm/m/n/12 Segundo as nor-mas para elabora[][]ao do re-lat[]orio de est[
]agio (IFTM, 2011), a fo-lha de identifica[][]ao
 []

[22]
Overfull \hbox (4.9373pt too wide) in paragraph at lines 40--41
[]\OT1/ptm/m/n/12 Segundo as nor-mas para elabora[][]ao do re-lat[]orio de est[
]agio (IFTM, 2011), a fo-lha de avalia[][]ao
 []

[23] [24] [25] [26] [27] [28] [29]) (Resultados.tex [30]
Underfull \hbox (badness 10000) in paragraph at lines 3--4

 []

<imagens/git/git1.png, id=171, 819.8128pt x 42.91031pt>
File: imagens/git/git1.png Graphic file (type png)
<use imagens/git/git1.png>
Package pdftex.def Info: imagens/git/git1.png  used on input line 8.
(pdftex.def)             Requested size: 409.9054pt x 21.4551pt.
<imagens/git/git2.png, id=172, 291.33844pt x 176.15813pt>
File: imagens/git/git2.png Graphic file (type png)
<use imagens/git/git2.png>
Package pdftex.def Info: imagens/git/git2.png  used on input line 16.
(pdftex.def)             Requested size: 145.66885pt x 88.07884pt.
[31 <./imagens/git/git1.png> <./imagens/git/git2.png>]
Underfull \hbox (badness 10000) in paragraph at lines 29--30

 []

<imagens/relatorioEstagio/Capa.png, id=176, 307.90031pt x 434.37282pt>
File: imagens/relatorioEstagio/Capa.png Graphic file (type png)
<use imagens/relatorioEstagio/Capa.png>
Package pdftex.def Info: imagens/relatorioEstagio/Capa.png  used on input line 
33.
(pdftex.def)             Requested size: 307.89955pt x 434.37175pt.
[32 <./imagens/relatorioEstagio/Capa.png>]
<imagens/relatorioEstagio/FolhaRosto.png, id=180, 306.39468pt x 429.85594pt>
File: imagens/relatorioEstagio/FolhaRosto.png Graphic file (type png)
<use imagens/relatorioEstagio/FolhaRosto.png>
Package pdftex.def Info: imagens/relatorioEstagio/FolhaRosto.png  used on input
 line 42.
(pdftex.def)             Requested size: 306.39394pt x 429.85489pt.
 [33 <./imagens/relatorioEstagio/FolhaRosto.png>]
<imagens/relatorioEstagio/FolhaIdentif.png, id=184, 309.40594pt x 429.85594pt>
File: imagens/relatorioEstagio/FolhaIdentif.png Graphic file (type png)
<use imagens/relatorioEstagio/FolhaIdentif.png>
Package pdftex.def Info: imagens/relatorioEstagio/FolhaIdentif.png  used on inp
ut line 51.
(pdftex.def)             Requested size: 309.40518pt x 429.85489pt.
 [34 <./imagens/relatorioEstagio/FolhaIdentif.png>]
<imagens/relatorioEstagio/Dedicatoria.png, id=188, 307.90031pt x 431.36156pt>
File: imagens/relatorioEstagio/Dedicatoria.png Graphic file (type png)
<use imagens/relatorioEstagio/Dedicatoria.png>
Package pdftex.def Info: imagens/relatorioEstagio/Dedicatoria.png  used on inpu
t line 60.
(pdftex.def)             Requested size: 307.89955pt x 431.3605pt.
 [35 <./imagens/relatorioEstagio/Dedicatoria.png>]
<imagens/relatorioEstagio/Agradecimento.png, id=192, 309.40594pt x 429.85594pt>

File: imagens/relatorioEstagio/Agradecimento.png Graphic file (type png)
<use imagens/relatorioEstagio/Agradecimento.png>
Package pdftex.def Info: imagens/relatorioEstagio/Agradecimento.png  used on in
put line 69.
(pdftex.def)             Requested size: 309.40518pt x 429.85489pt.
 [36 <./imagens/relatorioEstagio/Agradecimento.png>]
<imagens/relatorioEstagio/Sumario.png, id=197, 309.40594pt x 426.84468pt>
File: imagens/relatorioEstagio/Sumario.png Graphic file (type png)
<use imagens/relatorioEstagio/Sumario.png>
Package pdftex.def Info: imagens/relatorioEstagio/Sumario.png  used on input li
ne 78.
(pdftex.def)             Requested size: 309.40518pt x 426.84364pt.
 [37 <./imagens/relatorioEstagio/Sumario.png>]
<imagens/projetoPesq/Capa.png, id=201, 306.39468pt x 432.86719pt>
File: imagens/projetoPesq/Capa.png Graphic file (type png)
<use imagens/projetoPesq/Capa.png>
Package pdftex.def Info: imagens/projetoPesq/Capa.png  used on input line 90.
(pdftex.def)             Requested size: 306.39394pt x 432.86612pt.
 [38 <./imagens/projetoPesq/Capa.png>]
<imagens/projetoPesq/FolhaRosto.png, id=205, 306.39468pt x 428.35031pt>
File: imagens/projetoPesq/FolhaRosto.png Graphic file (type png)
<use imagens/projetoPesq/FolhaRosto.png>
Package pdftex.def Info: imagens/projetoPesq/FolhaRosto.png  used on input line
 99.
(pdftex.def)             Requested size: 306.39394pt x 428.34926pt.
 [39 <./imagens/projetoPesq/FolhaRosto.png>]
<imagens/projetoPesq/ListaFig.png, id=210, 307.90031pt x 428.35031pt>
File: imagens/projetoPesq/ListaFig.png Graphic file (type png)
<use imagens/projetoPesq/ListaFig.png>
Package pdftex.def Info: imagens/projetoPesq/ListaFig.png  used on input line 1
08.
(pdftex.def)             Requested size: 307.89955pt x 428.34926pt.
 [40 <./imagens/projetoPesq/ListaFig.png>]
<imagens/projetoPesq/Sumario.png, id=214, 309.40594pt x 432.86719pt>
File: imagens/projetoPesq/Sumario.png Graphic file (type png)
<use imagens/projetoPesq/Sumario.png>
Package pdftex.def Info: imagens/projetoPesq/Sumario.png  used on input line 11
7.
(pdftex.def)             Requested size: 309.40518pt x 432.86612pt.
 [41 <./imagens/projetoPesq/Sumario.png>]
<imagens/artigo/folhaInicial.png, id=218, 303.38344pt x 431.36156pt>
File: imagens/artigo/folhaInicial.png Graphic file (type png)
<use imagens/artigo/folhaInicial.png>
Package pdftex.def Info: imagens/artigo/folhaInicial.png  used on input line 12
9.
(pdftex.def)             Requested size: 303.38269pt x 431.3605pt.
 [42 <./imagens/artigo/folhaInicial.png>]
Underfull \hbox (badness 10000) in paragraph at lines 136--137

 []

<imagens/monografia/Capa.png, id=223, 306.39468pt x 432.86719pt>
File: imagens/monografia/Capa.png Graphic file (type png)
<use imagens/monografia/Capa.png>
Package pdftex.def Info: imagens/monografia/Capa.png  used on input line 141.
(pdftex.def)             Requested size: 306.39394pt x 432.86612pt.
[43 <./imagens/monografia/Capa.png>]
<imagens/monografia/FolhaRosto.png, id=227, 306.39468pt x 429.85594pt>
File: imagens/monografia/FolhaRosto.png Graphic file (type png)
<use imagens/monografia/FolhaRosto.png>
Package pdftex.def Info: imagens/monografia/FolhaRosto.png  used on input line 
150.
(pdftex.def)             Requested size: 306.39394pt x 429.85489pt.
 [44 <./imagens/monografia/FolhaRosto.png>]
<imagens/monografia/TermoAprov.png, id=231, 309.40594pt x 431.36156pt>
File: imagens/monografia/TermoAprov.png Graphic file (type png)
<use imagens/monografia/TermoAprov.png>
Package pdftex.def Info: imagens/monografia/TermoAprov.png  used on input line 
159.
(pdftex.def)             Requested size: 309.40518pt x 431.3605pt.
[45 <./imagens/monografia/TermoAprov.png>]
<imagens/monografia/ListaFig.png, id=235, 306.39468pt x 429.85594pt>
File: imagens/monografia/ListaFig.png Graphic file (type png)
<use imagens/monografia/ListaFig.png>
Package pdftex.def Info: imagens/monografia/ListaFig.png  used on input line 16
8.
(pdftex.def)             Requested size: 306.39394pt x 429.85489pt.
 [46 <./imagens/monografia/ListaFig.png>]
<imagens/monografia/Sumario.png, id=239, 309.40594pt x 432.86719pt>
File: imagens/monografia/Sumario.png Graphic file (type png)
<use imagens/monografia/Sumario.png>
Package pdftex.def Info: imagens/monografia/Sumario.png  used on input line 177
.
(pdftex.def)             Requested size: 309.40518pt x 432.86612pt.
) (Discussao.tex [47 <./imagens/monografia/Sumario.png>]) (Conclusao.tex
[48]
Underfull \hbox (badness 10000) in paragraph at lines 15--16

 []

) [49] (Monografia.bbl) [50] (Monografia.aux) ) 
Here is how much of TeX's memory you used:
 7054 strings out of 493305
 99185 string characters out of 3138869
 193957 words of memory out of 3000000
 10349 multiletter control sequences out of 15000+200000
 23010 words of font info for 46 fonts, out of 3000000 for 9000
 1141 hyphenation exceptions out of 8191
 43i,8n,70p,817b,1986s stack positions out of 5000i,500n,10000p,200000b,50000s
{C:/Program Files/MiKTeX 2.9/fon
ts/enc/dvips/base/8r.enc}<C:/Program Files/MiKTeX 2.9/fonts/type1/public/amsfon
ts/cm/cmex10.pfb><C:/Program Files/MiKTeX 2.9/fonts/type1/public/amsfonts/cm/cm
mi10.pfb><C:/Program Files/MiKTeX 2.9/fonts/type1/public/amsfonts/cm/cmmi12.pfb
><C:/Program Files/MiKTeX 2.9/fonts/type1/public/amsfonts/cm/cmr12.pfb><C:/Prog
ram Files/MiKTeX 2.9/fonts/type1/public/amsfonts/cm/cmsy10.pfb><C:/Program File
s/MiKTeX 2.9/fonts/type1/public/amsfonts/cm/cmsy8.pfb><C:/Program Files/MiKTeX 
2.9/fonts/type1/urw/courier/ucrr8a.pfb><C:/Program Files/MiKTeX 2.9/fonts/type1
/urw/times/utmb8a.pfb><C:/Program Files/MiKTeX 2.9/fonts/type1/urw/times/utmr8a
.pfb><C:/Program Files/MiKTeX 2.9/fonts/type1/urw/times/utmri8a.pfb>
Output written on Monografia.pdf (63 pages, 1220535 bytes).
PDF statistics:
 288 PDF objects out of 1000 (max. 8388607)
 0 named destinations out of 1000 (max. 500000)
 181 words of extra memory for PDF output out of 10000 (max. 10000000)

