This is pdfTeX, Version 3.14159265-2.6-1.40.18 (MiKTeX 2.9.6600 64-bit) (preloaded format=pdflatex 2018.3.1)  20 JUN 2018 21:13
entering extended mode
**./codigoC.tex
(codigoC.tex
LaTeX2e <2017-04-15>
Babel <3.18> and hyphenation patterns for 75 language(s) loaded.
("C:\Program Files\MiKTeX 2.9\tex\latex\base\article.cls"
Document Class: article 2014/09/29 v1.4h Standard LaTeX document class
("C:\Program Files\MiKTeX 2.9\tex\latex\base\size10.clo"
File: size10.clo 2014/09/29 v1.4h Standard LaTeX file (size option)
)
\c@part=\count79
\c@section=\count80
\c@subsection=\count81
\c@subsubsection=\count82
\c@paragraph=\count83
\c@subparagraph=\count84
\c@figure=\count85
\c@table=\count86
\abovecaptionskip=\skip41
\belowcaptionskip=\skip42
\bibindent=\dimen102
)
("C:\Program Files\MiKTeX 2.9\tex\latex\listings\listings.sty"
("C:\Program Files\MiKTeX 2.9\tex\latex\graphics\keyval.sty"
Package: keyval 2014/10/28 v1.15 key=value parser (DPC)
\KV@toks@=\toks14
)
\lst@mode=\count87
\lst@gtempboxa=\box26
\lst@token=\toks15
\lst@length=\count88
\lst@currlwidth=\dimen103
\lst@column=\count89
\lst@pos=\count90
\lst@lostspace=\dimen104
\lst@width=\dimen105
\lst@newlines=\count91
\lst@lineno=\count92
\lst@maxwidth=\dimen106

("C:\Program Files\MiKTeX 2.9\tex\latex\listings\lstmisc.sty"
File: lstmisc.sty 2015/06/04 1.6 (Carsten Heinz)
\c@lstnumber=\count93
\lst@skipnumbers=\count94
\lst@framebox=\box27
)
("C:\Program Files\MiKTeX 2.9\tex\latex\listings\listings.cfg"
File: listings.cfg 2015/06/04 1.6 listings configuration
))
Package: listings 2015/06/04 1.6 (Carsten Heinz)
 (codigoC.aux)
\openout1 = `codigoC.aux'.

LaTeX Font Info:    Checking defaults for OML/cmm/m/it on input line 13.
LaTeX Font Info:    ... okay on input line 13.
LaTeX Font Info:    Checking defaults for T1/cmr/m/n on input line 13.
LaTeX Font Info:    ... okay on input line 13.
LaTeX Font Info:    Checking defaults for OT1/cmr/m/n on input line 13.
LaTeX Font Info:    ... okay on input line 13.
LaTeX Font Info:    Checking defaults for OMS/cmsy/m/n on input line 13.
LaTeX Font Info:    ... okay on input line 13.
LaTeX Font Info:    Checking defaults for OMX/cmex/m/n on input line 13.
LaTeX Font Info:    ... okay on input line 13.
LaTeX Font Info:    Checking defaults for U/cmr/m/n on input line 13.
LaTeX Font Info:    ... okay on input line 13.
\c@lstlisting=\count95

("C:\Program Files\MiKTeX 2.9\tex\latex\listings\lstlang1.sty"
File: lstlang1.sty 2015/06/04 1.6 listings language file
)
("C:\Program Files\MiKTeX 2.9\tex\latex\listings\lstmisc.sty"
File: lstmisc.sty 2015/06/04 1.6 (Carsten Heinz)
) (helloworldC.c
LaTeX Font Info:    Try loading font information for OML+cmr on input line 1.

("C:\Program Files\MiKTeX 2.9\tex\latex\base\omlcmr.fd"
File: omlcmr.fd 2014/09/29 v2.5h Standard LaTeX font definitions
)
LaTeX Font Info:    Font shape `OML/cmr/m/n' in size <8> not available
(Font)              Font shape `OML/cmm/m/it' tried instead on input line 1.
LaTeX Font Info:    Try loading font information for OMS+cmr on input line 3.

("C:\Program Files\MiKTeX 2.9\tex\latex\base\omscmr.fd"
File: omscmr.fd 2014/09/29 v2.5h Standard LaTeX font definitions
)
LaTeX Font Info:    Font shape `OMS/cmr/m/n' in size <8> not available
(Font)              Font shape `OMS/cmsy/m/n' tried instead on input line 3.
) [1

{C:/Users/ricardo/AppData/Local/MiKTeX/2.9/pdftex/config/pdftex.map}] (codigoC.
aux) ) 
Here is how much of TeX's memory you used:
 1594 strings out of 493305
 22670 string characters out of 3138869
 100725 words of memory out of 3000000
 5193 multiletter control sequences out of 15000+200000
 5213 words of font info for 19 fonts, out of 3000000 for 9000
 1141 hyphenation exceptions out of 8191
 29i,4n,52p,161b,1270s stack positions out of 5000i,500n,10000p,200000b,50000s
<C:/Program Files/MiKTeX 2.9/fonts/type1/public/amsfonts/cm/cmbx8.pfb><C:
/Program Files/MiKTeX 2.9/fonts/type1/public/amsfonts/cm/cmmi8.pfb><C:/Program 
Files/MiKTeX 2.9/fonts/type1/public/amsfonts/cm/cmr10.pfb><C:/Program Files/MiK
TeX 2.9/fonts/type1/public/amsfonts/cm/cmr5.pfb><C:/Program Files/MiKTeX 2.9/fo
nts/type1/public/amsfonts/cm/cmr8.pfb><C:/Program Files/MiKTeX 2.9/fonts/type1/
public/amsfonts/cm/cmsy8.pfb><C:/Program Files/MiKTeX 2.9/fonts/type1/public/am
sfonts/cm/cmti8.pfb>
Output written on codigoC.pdf (1 page, 68452 bytes).
PDF statistics:
 34 PDF objects out of 1000 (max. 8388607)
 0 named destinations out of 1000 (max. 500000)
 1 words of extra memory for PDF output out of 10000 (max. 10000000)

